<?xml version="1.0" encoding="UTF-8"?>
<testng-results skipped="0" failed="0" ignored="0" total="1" passed="1">
  <reporter-output>
  </reporter-output>
  <suite name="Default suite" duration-ms="27758" started-at="2020-01-28T19:58:33Z" finished-at="2020-01-28T19:59:01Z">
    <groups>
      <group name="cucumber">
        <method signature="AbstractTestNGCucumberTests.runScenario(io.cucumber.testng.PickleEventWrapper, io.cucumber.testng.CucumberFeatureWrapper)[pri:0, instance:testRunners.FirstRunner@6adede5]" name="runScenario" class="io.cucumber.testng.AbstractTestNGCucumberTests"/>
      </group> <!-- cucumber -->
    </groups>
    <test name="Default test" duration-ms="27758" started-at="2020-01-28T19:58:33Z" finished-at="2020-01-28T19:59:01Z">
      <class name="testRunners.FirstRunner">
        <test-method status="PASS" signature="setUpClass()[pri:0, instance:testRunners.FirstRunner@6adede5]" name="setUpClass" is-config="true" duration-ms="211" started-at="2020-01-28T19:58:33Z" finished-at="2020-01-28T19:58:34Z">
          <reporter-output>
          </reporter-output>
        </test-method> <!-- setUpClass -->
        <test-method status="PASS" signature="runScenario(io.cucumber.testng.PickleEventWrapper, io.cucumber.testng.CucumberFeatureWrapper)[pri:0, instance:testRunners.FirstRunner@6adede5]" name="runScenario" duration-ms="27426" started-at="2020-01-28T19:58:34Z" description="Runs Cucumber Scenarios" data-provider="scenarios" finished-at="2020-01-28T19:59:01Z">
          <params>
            <param index="0">
              <value>
                <![CDATA["Realizar una compra"]]>
              </value>
            </param>
            <param index="1">
              <value>
                <![CDATA["Login Page"]]>
              </value>
            </param>
          </params>
          <reporter-output>
          </reporter-output>
        </test-method> <!-- runScenario -->
        <test-method status="PASS" signature="tearDownClass()[pri:0, instance:testRunners.FirstRunner@6adede5]" name="tearDownClass" is-config="true" duration-ms="3" started-at="2020-01-28T19:59:01Z" finished-at="2020-01-28T19:59:01Z">
          <reporter-output>
          </reporter-output>
        </test-method> <!-- tearDownClass -->
      </class> <!-- testRunners.FirstRunner -->
    </test> <!-- Default test -->
  </suite> <!-- Default suite -->
</testng-results>
